2024-04-02 01:47:55.605  INFO 130721 --- [main] c.v.s.j.p.BookManagerApplication         : Starting BookManagerApplication using Java 17.0.9 on laptop with PID 130721 (/home/vladik095/Рабочий стол/JAVA 1/target/classes started by vladik095 in /home/vladik095/Рабочий стол/JAVA 1)
2024-04-02 01:47:55.607  INFO 130721 --- [main] c.v.s.j.p.BookManagerApplication         : No active profile set, falling back to default profiles: default
2024-04-02 01:47:56.055  INFO 130721 --- [main] .s.d.r.c.RepositoryConfigurationDelegate : Bootstrapping Spring Data JPA repositories in DEFAULT mode.
2024-04-02 01:47:56.098  INFO 130721 --- [main] .s.d.r.c.RepositoryConfigurationDelegate : Finished Spring Data repository scanning in 37 ms. Found 3 JPA repository interfaces.
2024-04-02 01:47:56.636  INFO 130721 --- [main] o.s.b.w.embedded.tomcat.TomcatWebServer  : Tomcat initialized with port(s): 8080 (http)
2024-04-02 01:47:56.644  INFO 130721 --- [main] o.apache.catalina.core.StandardService   : Starting service [Tomcat]
2024-04-02 01:47:56.644  INFO 130721 --- [main] org.apache.catalina.core.StandardEngine  : Starting Servlet engine: [Apache Tomcat/9.0.56]
2024-04-02 01:47:56.696  INFO 130721 --- [main] o.a.c.c.C.[Tomcat].[localhost].[/]       : Initializing Spring embedded WebApplicationContext
2024-04-02 01:47:56.696  INFO 130721 --- [main] w.s.c.ServletWebServerApplicationContext : Root WebApplicationContext: initialization completed in 1049 ms
2024-04-02 01:47:56.860  INFO 130721 --- [main] o.hibernate.jpa.internal.util.LogHelper  : HHH000204: Processing PersistenceUnitInfo [name: default]
2024-04-02 01:47:56.890  INFO 130721 --- [main] org.hibernate.Version                    : HHH000412: Hibernate ORM core version 5.6.3.Final
2024-04-02 01:47:56.981  INFO 130721 --- [main] o.hibernate.annotations.common.Version   : HCANN000001: Hibernate Commons Annotations {5.1.2.Final}
2024-04-02 01:47:57.040  INFO 130721 --- [main] com.zaxxer.hikari.HikariDataSource       : HikariPool-1 - Starting...
2024-04-02 01:47:57.258  INFO 130721 --- [main] com.zaxxer.hikari.HikariDataSource       : HikariPool-1 - Start completed.
2024-04-02 01:47:57.275  INFO 130721 --- [main] org.hibernate.dialect.Dialect            : HHH000400: Using dialect: org.hibernate.dialect.PostgreSQL10Dialect
2024-04-02 01:47:57.680  INFO 130721 --- [main] o.h.e.t.j.p.i.JtaPlatformInitiator       : HHH000490: Using JtaPlatform implementation: [org.hibernate.engine.transaction.jta.platform.internal.NoJtaPlatform]
2024-04-02 01:47:57.685  INFO 130721 --- [main] j.LocalContainerEntityManagerFactoryBean : Initialized JPA EntityManagerFactory for persistence unit 'default'
2024-04-02 01:47:57.697  INFO 130721 --- [main] c.v.s.jpa.postgresql.aspect.BookAspect   : Aspect is initialized
2024-04-02 01:47:58.403  WARN 130721 --- [main] JpaBaseConfiguration$JpaWebConfiguration : spring.jpa.open-in-view is enabled by default. Therefore, database queries may be performed during view rendering. Explicitly configure spring.jpa.open-in-view to disable this warning
2024-04-02 01:47:59.388  INFO 130721 --- [main] o.s.b.w.embedded.tomcat.TomcatWebServer  : Tomcat started on port(s): 8080 (http) with context path ''
2024-04-02 01:47:59.395  INFO 130721 --- [main] c.v.s.j.p.BookManagerApplication         : Started BookManagerApplication in 4.029 seconds (JVM running for 4.25)
2024-04-02 01:48:06.929  INFO 130721 --- [http-nio-8080-exec-1] o.a.c.c.C.[Tomcat].[localhost].[/]       : Initializing Spring DispatcherServlet 'dispatcherServlet'
2024-04-02 01:48:06.929  INFO 130721 --- [http-nio-8080-exec-1] o.s.web.servlet.DispatcherServlet        : Initializing Servlet 'dispatcherServlet'
2024-04-02 01:48:06.930  INFO 130721 --- [http-nio-8080-exec-1] o.s.web.servlet.DispatcherServlet        : Completed initialization in 1 ms
2024-04-02 01:48:06.996  INFO 130721 --- [http-nio-8080-exec-1] c.v.s.jpa.postgresql.aspect.BookAspect   : Before execution(ResponseEntity com.vladislav.spring.jpa.postgresql.controller.BookController.addBook(Long,BookDto)), args=333,com.vladislav.spring.jpa.postgresql.dto.BookDto@1cc8528e
2024-04-02 01:48:07.030 ERROR 130721 --- [http-nio-8080-exec-1] c.v.s.jpa.postgresql.aspect.BookAspect   : After throwing execution(BookController.addBook(..)), exception: Author with id 333 not found
2024-04-02 01:48:07.030  INFO 130721 --- [http-nio-8080-exec-1] c.v.s.jpa.postgresql.aspect.BookAspect   : After execution(BookController.addBook(..))
2024-04-02 01:48:07.032 ERROR 130721 --- [http-nio-8080-exec-1] c.v.s.j.p.exception.ExceptionManager     : Exception occurred: ErrorMessage(statusCode=500, timestamp=Tue Apr 02 01:48:07 MSK 2024, message=Author with id 333 not found, description=uri=/api/books/333)
2024-04-02 01:48:12.905  INFO 130721 --- [http-nio-8080-exec-2] c.v.s.jpa.postgresql.aspect.BookAspect   : Before execution(ResponseEntity com.vladislav.spring.jpa.postgresql.controller.AuthorController.getAuthorById(Long)), args=222
2024-04-02 01:48:12.913 ERROR 130721 --- [http-nio-8080-exec-2] c.v.s.jpa.postgresql.aspect.BookAspect   : After throwing execution(AuthorController.getAuthorById(..)), exception: Author with id 222 not found
2024-04-02 01:48:12.914  INFO 130721 --- [http-nio-8080-exec-2] c.v.s.jpa.postgresql.aspect.BookAspect   : After execution(AuthorController.getAuthorById(..))
2024-04-02 01:48:12.914 ERROR 130721 --- [http-nio-8080-exec-2] c.v.s.j.p.exception.ExceptionManager     : Exception occurred: ErrorMessage(statusCode=500, timestamp=Tue Apr 02 01:48:12 MSK 2024, message=Author with id 222 not found, description=uri=/authors/get/222)
2024-04-02 01:51:12.208  INFO 130721 --- [http-nio-8080-exec-3] c.v.s.jpa.postgresql.aspect.BookAspect   : Before execution(ResponseEntity com.vladislav.spring.jpa.postgresql.controller.AuthorController.saveAuthor(AuthorDto)), args=com.vladislav.spring.jpa.postgresql.dto.AuthorDto@5338ecda
2024-04-02 01:51:12.248  INFO 130721 --- [http-nio-8080-exec-3] c.v.s.j.p.controller.AuthorController    : Author saved successfully.
2024-04-02 01:51:12.249  INFO 130721 --- [http-nio-8080-exec-3] c.v.s.jpa.postgresql.aspect.BookAspect   : After returning execution(AuthorController.saveAuthor(..))
2024-04-02 01:51:12.250  INFO 130721 --- [http-nio-8080-exec-3] c.v.s.jpa.postgresql.aspect.BookAspect   : After execution(AuthorController.saveAuthor(..))
2024-04-02 01:51:25.906  INFO 130721 --- [http-nio-8080-exec-4] c.v.s.jpa.postgresql.aspect.BookAspect   : Before execution(ResponseEntity com.vladislav.spring.jpa.postgresql.controller.AuthorController.saveAuthor(AuthorDto)), args=com.vladislav.spring.jpa.postgresql.dto.AuthorDto@27fc339f
2024-04-02 01:51:25.917  INFO 130721 --- [http-nio-8080-exec-4] c.v.s.j.p.controller.AuthorController    : Author saved successfully.
2024-04-02 01:51:25.917  INFO 130721 --- [http-nio-8080-exec-4] c.v.s.jpa.postgresql.aspect.BookAspect   : After returning execution(AuthorController.saveAuthor(..))
2024-04-02 01:51:25.917  INFO 130721 --- [http-nio-8080-exec-4] c.v.s.jpa.postgresql.aspect.BookAspect   : After execution(AuthorController.saveAuthor(..))
2024-04-02 01:55:09.462  INFO 130721 --- [SpringApplicationShutdownHook] c.v.s.jpa.postgresql.aspect.BookAspect   : Aspect is destroyed
2024-04-02 01:55:09.463  INFO 130721 --- [SpringApplicationShutdownHook] j.LocalContainerEntityManagerFactoryBean : Closing JPA EntityManagerFactory for persistence unit 'default'
2024-04-02 01:55:09.464  INFO 130721 --- [SpringApplicationShutdownHook] com.zaxxer.hikari.HikariDataSource       : HikariPool-1 - Shutdown initiated...
2024-04-02 01:55:09.471  INFO 130721 --- [SpringApplicationShutdownHook] com.zaxxer.hikari.HikariDataSource       : HikariPool-1 - Shutdown completed.
2024-04-02 01:55:09.958  INFO 133649 --- [main] c.v.s.j.p.BookManagerApplication         : Starting BookManagerApplication using Java 17.0.9 on laptop with PID 133649 (/home/vladik095/Рабочий стол/JAVA 1/target/classes started by vladik095 in /home/vladik095/Рабочий стол/JAVA 1)
2024-04-02 01:55:09.959  INFO 133649 --- [main] c.v.s.j.p.BookManagerApplication         : No active profile set, falling back to default profiles: default
2024-04-02 01:55:10.398  INFO 133649 --- [main] .s.d.r.c.RepositoryConfigurationDelegate : Bootstrapping Spring Data JPA repositories in DEFAULT mode.
2024-04-02 01:55:10.441  INFO 133649 --- [main] .s.d.r.c.RepositoryConfigurationDelegate : Finished Spring Data repository scanning in 37 ms. Found 3 JPA repository interfaces.
2024-04-02 01:55:10.950  INFO 133649 --- [main] o.s.b.w.embedded.tomcat.TomcatWebServer  : Tomcat initialized with port(s): 8080 (http)
2024-04-02 01:55:10.957  INFO 133649 --- [main] o.apache.catalina.core.StandardService   : Starting service [Tomcat]
2024-04-02 01:55:10.958  INFO 133649 --- [main] org.apache.catalina.core.StandardEngine  : Starting Servlet engine: [Apache Tomcat/9.0.56]
2024-04-02 01:55:11.012  INFO 133649 --- [main] o.a.c.c.C.[Tomcat].[localhost].[/]       : Initializing Spring embedded WebApplicationContext
2024-04-02 01:55:11.012  INFO 133649 --- [main] w.s.c.ServletWebServerApplicationContext : Root WebApplicationContext: initialization completed in 1023 ms
2024-04-02 01:55:11.157  INFO 133649 --- [main] o.hibernate.jpa.internal.util.LogHelper  : HHH000204: Processing PersistenceUnitInfo [name: default]
2024-04-02 01:55:11.187  INFO 133649 --- [main] org.hibernate.Version                    : HHH000412: Hibernate ORM core version 5.6.3.Final
2024-04-02 01:55:11.276  INFO 133649 --- [main] o.hibernate.annotations.common.Version   : HCANN000001: Hibernate Commons Annotations {5.1.2.Final}
2024-04-02 01:55:11.332  INFO 133649 --- [main] com.zaxxer.hikari.HikariDataSource       : HikariPool-1 - Starting...
2024-04-02 01:55:11.580  INFO 133649 --- [main] com.zaxxer.hikari.HikariDataSource       : HikariPool-1 - Start completed.
2024-04-02 01:55:11.603  INFO 133649 --- [main] org.hibernate.dialect.Dialect            : HHH000400: Using dialect: org.hibernate.dialect.PostgreSQL10Dialect
2024-04-02 01:55:12.013  INFO 133649 --- [main] o.h.e.t.j.p.i.JtaPlatformInitiator       : HHH000490: Using JtaPlatform implementation: [org.hibernate.engine.transaction.jta.platform.internal.NoJtaPlatform]
2024-04-02 01:55:12.018  INFO 133649 --- [main] j.LocalContainerEntityManagerFactoryBean : Initialized JPA EntityManagerFactory for persistence unit 'default'
2024-04-02 01:55:12.031  INFO 133649 --- [main] c.v.s.jpa.postgresql.aspect.BookAspect   : Aspect is initialized
2024-04-02 01:55:12.785  WARN 133649 --- [main] JpaBaseConfiguration$JpaWebConfiguration : spring.jpa.open-in-view is enabled by default. Therefore, database queries may be performed during view rendering. Explicitly configure spring.jpa.open-in-view to disable this warning
2024-04-02 01:55:13.626  INFO 133649 --- [main] o.s.b.w.embedded.tomcat.TomcatWebServer  : Tomcat started on port(s): 8080 (http) with context path ''
2024-04-02 01:55:13.634  INFO 133649 --- [main] c.v.s.j.p.BookManagerApplication         : Started BookManagerApplication in 3.913 seconds (JVM running for 4.114)
2024-04-02 01:55:14.591  INFO 133649 --- [http-nio-8080-exec-1] o.a.c.c.C.[Tomcat].[localhost].[/]       : Initializing Spring DispatcherServlet 'dispatcherServlet'
2024-04-02 01:55:14.591  INFO 133649 --- [http-nio-8080-exec-1] o.s.web.servlet.DispatcherServlet        : Initializing Servlet 'dispatcherServlet'
2024-04-02 01:55:14.592  INFO 133649 --- [http-nio-8080-exec-1] o.s.web.servlet.DispatcherServlet        : Completed initialization in 1 ms
2024-04-02 01:55:14.662  INFO 133649 --- [http-nio-8080-exec-1] c.v.s.jpa.postgresql.aspect.BookAspect   : Before execution(ResponseEntity com.vladislav.spring.jpa.postgresql.controller.AuthorController.saveAuthor(AuthorDto)), args=com.vladislav.spring.jpa.postgresql.dto.AuthorDto@3ecf7965
2024-04-02 01:55:14.718  INFO 133649 --- [http-nio-8080-exec-1] c.v.s.j.p.controller.AuthorController    : Author saved successfully.
2024-04-02 01:55:14.719  INFO 133649 --- [http-nio-8080-exec-1] c.v.s.jpa.postgresql.aspect.BookAspect   : After returning execution(AuthorController.saveAuthor(..))
2024-04-02 01:55:14.719  INFO 133649 --- [http-nio-8080-exec-1] c.v.s.jpa.postgresql.aspect.BookAspect   : After execution(AuthorController.saveAuthor(..))
2024-04-02 01:55:15.827  INFO 133649 --- [http-nio-8080-exec-2] c.v.s.jpa.postgresql.aspect.BookAspect   : Before execution(ResponseEntity com.vladislav.spring.jpa.postgresql.controller.AuthorController.saveAuthor(AuthorDto)), args=com.vladislav.spring.jpa.postgresql.dto.AuthorDto@70e1eb28
2024-04-02 01:55:15.838  INFO 133649 --- [http-nio-8080-exec-2] c.v.s.j.p.controller.AuthorController    : Author saved successfully.
2024-04-02 01:55:15.839  INFO 133649 --- [http-nio-8080-exec-2] c.v.s.jpa.postgresql.aspect.BookAspect   : After returning execution(AuthorController.saveAuthor(..))
2024-04-02 01:55:15.839  INFO 133649 --- [http-nio-8080-exec-2] c.v.s.jpa.postgresql.aspect.BookAspect   : After execution(AuthorController.saveAuthor(..))
2024-04-02 01:55:16.709  INFO 133649 --- [http-nio-8080-exec-3] c.v.s.jpa.postgresql.aspect.BookAspect   : Before execution(ResponseEntity com.vladislav.spring.jpa.postgresql.controller.AuthorController.saveAuthor(AuthorDto)), args=com.vladislav.spring.jpa.postgresql.dto.AuthorDto@2e0750e7
2024-04-02 01:55:16.720  INFO 133649 --- [http-nio-8080-exec-3] c.v.s.j.p.controller.AuthorController    : Author saved successfully.
2024-04-02 01:55:16.721  INFO 133649 --- [http-nio-8080-exec-3] c.v.s.jpa.postgresql.aspect.BookAspect   : After returning execution(AuthorController.saveAuthor(..))
2024-04-02 01:55:16.721  INFO 133649 --- [http-nio-8080-exec-3] c.v.s.jpa.postgresql.aspect.BookAspect   : After execution(AuthorController.saveAuthor(..))
2024-04-02 01:55:17.389  INFO 133649 --- [http-nio-8080-exec-4] c.v.s.jpa.postgresql.aspect.BookAspect   : Before execution(ResponseEntity com.vladislav.spring.jpa.postgresql.controller.AuthorController.saveAuthor(AuthorDto)), args=com.vladislav.spring.jpa.postgresql.dto.AuthorDto@342781a6
2024-04-02 01:55:17.402  INFO 133649 --- [http-nio-8080-exec-4] c.v.s.j.p.controller.AuthorController    : Author saved successfully.
2024-04-02 01:55:17.402  INFO 133649 --- [http-nio-8080-exec-4] c.v.s.jpa.postgresql.aspect.BookAspect   : After returning execution(AuthorController.saveAuthor(..))
2024-04-02 01:55:17.402  INFO 133649 --- [http-nio-8080-exec-4] c.v.s.jpa.postgresql.aspect.BookAspect   : After execution(AuthorController.saveAuthor(..))
2024-04-02 01:55:17.994  INFO 133649 --- [http-nio-8080-exec-5] c.v.s.jpa.postgresql.aspect.BookAspect   : Before execution(ResponseEntity com.vladislav.spring.jpa.postgresql.controller.AuthorController.saveAuthor(AuthorDto)), args=com.vladislav.spring.jpa.postgresql.dto.AuthorDto@21f3daa
2024-04-02 01:55:18.006  INFO 133649 --- [http-nio-8080-exec-5] c.v.s.j.p.controller.AuthorController    : Author saved successfully.
2024-04-02 01:55:18.006  INFO 133649 --- [http-nio-8080-exec-5] c.v.s.jpa.postgresql.aspect.BookAspect   : After returning execution(AuthorController.saveAuthor(..))
2024-04-02 01:55:18.006  INFO 133649 --- [http-nio-8080-exec-5] c.v.s.jpa.postgresql.aspect.BookAspect   : After execution(AuthorController.saveAuthor(..))
2024-04-02 01:56:06.897 ERROR 133649 --- [http-nio-8080-exec-6] c.v.s.j.p.exception.ExceptionManager     : Exception occurred: ErrorMessage(statusCode=500, timestamp=Tue Apr 02 01:56:06 MSK 2024, message=Required request body is missing: public org.springframework.http.ResponseEntity<com.vladislav.spring.jpa.postgresql.dto.AuthorDto> com.vladislav.spring.jpa.postgresql.controller.AuthorController.saveAuthor(com.vladislav.spring.jpa.postgresql.dto.AuthorDto), description=uri=/authors/save)
2024-04-02 01:56:24.101  INFO 133649 --- [http-nio-8080-exec-7] c.v.s.jpa.postgresql.aspect.BookAspect   : Before execution(ResponseEntity com.vladislav.spring.jpa.postgresql.controller.AuthorController.saveAuthor(AuthorDto)), args=com.vladislav.spring.jpa.postgresql.dto.AuthorDto@6be05d58
2024-04-02 01:56:24.114  INFO 133649 --- [http-nio-8080-exec-7] c.v.s.j.p.controller.AuthorController    : Author saved successfully.
2024-04-02 01:56:24.114  INFO 133649 --- [http-nio-8080-exec-7] c.v.s.jpa.postgresql.aspect.BookAspect   : After returning execution(AuthorController.saveAuthor(..))
2024-04-02 01:56:24.114  INFO 133649 --- [http-nio-8080-exec-7] c.v.s.jpa.postgresql.aspect.BookAspect   : After execution(AuthorController.saveAuthor(..))
2024-04-02 01:57:49.079  INFO 133649 --- [http-nio-8080-exec-9] c.v.s.jpa.postgresql.aspect.BookAspect   : Before execution(List com.vladislav.spring.jpa.postgresql.controller.AuthorController.getAllAuthors()), args=
2024-04-02 01:57:49.176  INFO 133649 --- [http-nio-8080-exec-9] c.v.s.j.p.controller.AuthorController    : All authors fetched successfully.
2024-04-02 01:57:49.177  INFO 133649 --- [http-nio-8080-exec-9] c.v.s.jpa.postgresql.aspect.BookAspect   : After returning execution(AuthorController.getAllAuthors())
2024-04-02 01:57:49.177  INFO 133649 --- [http-nio-8080-exec-9] c.v.s.jpa.postgresql.aspect.BookAspect   : After execution(AuthorController.getAllAuthors())
2024-04-02 01:57:49.912  INFO 133649 --- [http-nio-8080-exec-10] c.v.s.jpa.postgresql.aspect.BookAspect   : Before execution(List com.vladislav.spring.jpa.postgresql.controller.AuthorController.getAllAuthors()), args=
2024-04-02 01:57:49.935  INFO 133649 --- [http-nio-8080-exec-10] c.v.s.j.p.controller.AuthorController    : All authors fetched successfully.
2024-04-02 01:57:49.936  INFO 133649 --- [http-nio-8080-exec-10] c.v.s.jpa.postgresql.aspect.BookAspect   : After returning execution(AuthorController.getAllAuthors())
2024-04-02 01:57:49.936  INFO 133649 --- [http-nio-8080-exec-10] c.v.s.jpa.postgresql.aspect.BookAspect   : After execution(AuthorController.getAllAuthors())
2024-04-02 01:57:51.873  INFO 133649 --- [http-nio-8080-exec-1] c.v.s.jpa.postgresql.aspect.BookAspect   : Before execution(ResponseEntity com.vladislav.spring.jpa.postgresql.controller.AuthorController.saveAuthor(AuthorDto)), args=com.vladislav.spring.jpa.postgresql.dto.AuthorDto@540e6837
2024-04-02 01:57:51.884  INFO 133649 --- [http-nio-8080-exec-1] c.v.s.j.p.controller.AuthorController    : Author saved successfully.
2024-04-02 01:57:51.885  INFO 133649 --- [http-nio-8080-exec-1] c.v.s.jpa.postgresql.aspect.BookAspect   : After returning execution(AuthorController.saveAuthor(..))
2024-04-02 01:57:51.885  INFO 133649 --- [http-nio-8080-exec-1] c.v.s.jpa.postgresql.aspect.BookAspect   : After execution(AuthorController.saveAuthor(..))
2024-04-02 01:57:55.758 ERROR 133649 --- [http-nio-8080-exec-2] c.v.s.j.p.exception.ExceptionManager     : Exception occurred: ErrorMessage(statusCode=500, timestamp=Tue Apr 02 01:57:55 MSK 2024, message=Required request body is missing: public org.springframework.http.ResponseEntity<com.vladislav.spring.jpa.postgresql.dto.AuthorDto> com.vladislav.spring.jpa.postgresql.controller.AuthorController.saveAuthor(com.vladislav.spring.jpa.postgresql.dto.AuthorDto), description=uri=/authors/save)
2024-04-02 01:58:00.459  INFO 133649 --- [http-nio-8080-exec-3] c.v.s.jpa.postgresql.aspect.BookAspect   : Before execution(ResponseEntity com.vladislav.spring.jpa.postgresql.controller.AuthorController.saveAuthor(AuthorDto)), args=com.vladislav.spring.jpa.postgresql.dto.AuthorDto@d28e83b
2024-04-02 01:58:00.471  INFO 133649 --- [http-nio-8080-exec-3] c.v.s.j.p.controller.AuthorController    : Author saved successfully.
2024-04-02 01:58:00.472  INFO 133649 --- [http-nio-8080-exec-3] c.v.s.jpa.postgresql.aspect.BookAspect   : After returning execution(AuthorController.saveAuthor(..))
2024-04-02 01:58:00.472  INFO 133649 --- [http-nio-8080-exec-3] c.v.s.jpa.postgresql.aspect.BookAspect   : After execution(AuthorController.saveAuthor(..))
2024-04-02 01:58:30.438  INFO 133649 --- [SpringApplicationShutdownHook] c.v.s.jpa.postgresql.aspect.BookAspect   : Aspect is destroyed
2024-04-02 01:58:30.438  INFO 133649 --- [SpringApplicationShutdownHook] j.LocalContainerEntityManagerFactoryBean : Closing JPA EntityManagerFactory for persistence unit 'default'
2024-04-02 01:58:30.440  INFO 133649 --- [SpringApplicationShutdownHook] com.zaxxer.hikari.HikariDataSource       : HikariPool-1 - Shutdown initiated...
2024-04-02 01:58:30.446  INFO 133649 --- [SpringApplicationShutdownHook] com.zaxxer.hikari.HikariDataSource       : HikariPool-1 - Shutdown completed.
2024-04-02 01:58:30.933  INFO 135201 --- [main] c.v.s.j.p.BookManagerApplication         : Starting BookManagerApplication using Java 17.0.9 on laptop with PID 135201 (/home/vladik095/Рабочий стол/JAVA 1/target/classes started by vladik095 in /home/vladik095/Рабочий стол/JAVA 1)
2024-04-02 01:58:30.935  INFO 135201 --- [main] c.v.s.j.p.BookManagerApplication         : No active profile set, falling back to default profiles: default
2024-04-02 01:58:31.384  INFO 135201 --- [main] .s.d.r.c.RepositoryConfigurationDelegate : Bootstrapping Spring Data JPA repositories in DEFAULT mode.
2024-04-02 01:58:31.426  INFO 135201 --- [main] .s.d.r.c.RepositoryConfigurationDelegate : Finished Spring Data repository scanning in 36 ms. Found 3 JPA repository interfaces.
2024-04-02 01:58:31.967  INFO 135201 --- [main] o.s.b.w.embedded.tomcat.TomcatWebServer  : Tomcat initialized with port(s): 8080 (http)
2024-04-02 01:58:31.976  INFO 135201 --- [main] o.apache.catalina.core.StandardService   : Starting service [Tomcat]
2024-04-02 01:58:31.976  INFO 135201 --- [main] org.apache.catalina.core.StandardEngine  : Starting Servlet engine: [Apache Tomcat/9.0.56]
2024-04-02 01:58:32.023  INFO 135201 --- [main] o.a.c.c.C.[Tomcat].[localhost].[/]       : Initializing Spring embedded WebApplicationContext
2024-04-02 01:58:32.023  INFO 135201 --- [main] w.s.c.ServletWebServerApplicationContext : Root WebApplicationContext: initialization completed in 1059 ms
2024-04-02 01:58:32.182  INFO 135201 --- [main] o.hibernate.jpa.internal.util.LogHelper  : HHH000204: Processing PersistenceUnitInfo [name: default]
2024-04-02 01:58:32.212  INFO 135201 --- [main] org.hibernate.Version                    : HHH000412: Hibernate ORM core version 5.6.3.Final
2024-04-02 01:58:32.303  INFO 135201 --- [main] o.hibernate.annotations.common.Version   : HCANN000001: Hibernate Commons Annotations {5.1.2.Final}
2024-04-02 01:58:32.360  INFO 135201 --- [main] com.zaxxer.hikari.HikariDataSource       : HikariPool-1 - Starting...
2024-04-02 01:58:32.577  INFO 135201 --- [main] com.zaxxer.hikari.HikariDataSource       : HikariPool-1 - Start completed.
2024-04-02 01:58:32.595  INFO 135201 --- [main] org.hibernate.dialect.Dialect            : HHH000400: Using dialect: org.hibernate.dialect.PostgreSQL10Dialect
2024-04-02 01:58:32.983  INFO 135201 --- [main] o.h.e.t.j.p.i.JtaPlatformInitiator       : HHH000490: Using JtaPlatform implementation: [org.hibernate.engine.transaction.jta.platform.internal.NoJtaPlatform]
2024-04-02 01:58:32.988  INFO 135201 --- [main] j.LocalContainerEntityManagerFactoryBean : Initialized JPA EntityManagerFactory for persistence unit 'default'
2024-04-02 01:58:33.001  INFO 135201 --- [main] c.v.s.jpa.postgresql.aspect.BookAspect   : Aspect is initialized
2024-04-02 01:58:33.745  WARN 135201 --- [main] JpaBaseConfiguration$JpaWebConfiguration : spring.jpa.open-in-view is enabled by default. Therefore, database queries may be performed during view rendering. Explicitly configure spring.jpa.open-in-view to disable this warning
2024-04-02 01:58:34.701  INFO 135201 --- [main] o.s.b.w.embedded.tomcat.TomcatWebServer  : Tomcat started on port(s): 8080 (http) with context path ''
2024-04-02 01:58:34.709  INFO 135201 --- [main] c.v.s.j.p.BookManagerApplication         : Started BookManagerApplication in 4.012 seconds (JVM running for 4.212)
2024-04-02 01:58:36.249  INFO 135201 --- [http-nio-8080-exec-1] o.a.c.c.C.[Tomcat].[localhost].[/]       : Initializing Spring DispatcherServlet 'dispatcherServlet'
2024-04-02 01:58:36.249  INFO 135201 --- [http-nio-8080-exec-1] o.s.web.servlet.DispatcherServlet        : Initializing Servlet 'dispatcherServlet'
2024-04-02 01:58:36.250  INFO 135201 --- [http-nio-8080-exec-1] o.s.web.servlet.DispatcherServlet        : Completed initialization in 0 ms
2024-04-02 01:58:36.324  INFO 135201 --- [http-nio-8080-exec-1] c.v.s.jpa.postgresql.aspect.BookAspect   : Before execution(ResponseEntity com.vladislav.spring.jpa.postgresql.controller.AuthorController.saveAuthor(AuthorDto,BindingResult)), args=com.vladislav.spring.jpa.postgresql.dto.AuthorDto@6273c272,org.springframework.validation.BeanPropertyBindingResult: 0 errors
2024-04-02 01:58:36.377  INFO 135201 --- [http-nio-8080-exec-1] c.v.s.j.p.controller.AuthorController    : Author saved successfully.
2024-04-02 01:58:36.379  INFO 135201 --- [http-nio-8080-exec-1] c.v.s.jpa.postgresql.aspect.BookAspect   : After returning execution(AuthorController.saveAuthor(..))
2024-04-02 01:58:36.379  INFO 135201 --- [http-nio-8080-exec-1] c.v.s.jpa.postgresql.aspect.BookAspect   : After execution(AuthorController.saveAuthor(..))
2024-04-02 01:58:37.216  INFO 135201 --- [http-nio-8080-exec-2] c.v.s.jpa.postgresql.aspect.BookAspect   : Before execution(ResponseEntity com.vladislav.spring.jpa.postgresql.controller.AuthorController.saveAuthor(AuthorDto,BindingResult)), args=com.vladislav.spring.jpa.postgresql.dto.AuthorDto@21f3daa,org.springframework.validation.BeanPropertyBindingResult: 0 errors
2024-04-02 01:58:37.228  INFO 135201 --- [http-nio-8080-exec-2] c.v.s.j.p.controller.AuthorController    : Author saved successfully.
2024-04-02 01:58:37.228  INFO 135201 --- [http-nio-8080-exec-2] c.v.s.jpa.postgresql.aspect.BookAspect   : After returning execution(AuthorController.saveAuthor(..))
2024-04-02 01:58:37.228  INFO 135201 --- [http-nio-8080-exec-2] c.v.s.jpa.postgresql.aspect.BookAspect   : After execution(AuthorController.saveAuthor(..))
2024-04-02 01:59:11.723 ERROR 135201 --- [http-nio-8080-exec-3] c.v.s.j.p.exception.ExceptionManager     : Exception occurred: ErrorMessage(statusCode=500, timestamp=Tue Apr 02 01:59:11 MSK 2024, message=Required request body is missing: public org.springframework.http.ResponseEntity<?> com.vladislav.spring.jpa.postgresql.controller.AuthorController.saveAuthor(com.vladislav.spring.jpa.postgresql.dto.AuthorDto,org.springframework.validation.BindingResult), description=uri=/authors/save)
2024-04-02 01:59:24.770  INFO 135201 --- [SpringApplicationShutdownHook] c.v.s.jpa.postgresql.aspect.BookAspect   : Aspect is destroyed
2024-04-02 01:59:24.771  INFO 135201 --- [SpringApplicationShutdownHook] j.LocalContainerEntityManagerFactoryBean : Closing JPA EntityManagerFactory for persistence unit 'default'
2024-04-02 01:59:24.772  INFO 135201 --- [SpringApplicationShutdownHook] com.zaxxer.hikari.HikariDataSource       : HikariPool-1 - Shutdown initiated...
2024-04-02 01:59:24.776  INFO 135201 --- [SpringApplicationShutdownHook] com.zaxxer.hikari.HikariDataSource       : HikariPool-1 - Shutdown completed.
2024-04-02 01:59:27.840  INFO 135944 --- [main] c.v.s.j.p.BookManagerApplication         : Starting BookManagerApplication using Java 17.0.9 on laptop with PID 135944 (/home/vladik095/Рабочий стол/JAVA 1/target/classes started by vladik095 in /home/vladik095/Рабочий стол/JAVA 1)
2024-04-02 01:59:27.842  INFO 135944 --- [main] c.v.s.j.p.BookManagerApplication         : No active profile set, falling back to default profiles: default
2024-04-02 01:59:28.287  INFO 135944 --- [main] .s.d.r.c.RepositoryConfigurationDelegate : Bootstrapping Spring Data JPA repositories in DEFAULT mode.
2024-04-02 01:59:28.328  INFO 135944 --- [main] .s.d.r.c.RepositoryConfigurationDelegate : Finished Spring Data repository scanning in 35 ms. Found 3 JPA repository interfaces.
2024-04-02 01:59:28.895  INFO 135944 --- [main] o.s.b.w.embedded.tomcat.TomcatWebServer  : Tomcat initialized with port(s): 8080 (http)
2024-04-02 01:59:28.904  INFO 135944 --- [main] o.apache.catalina.core.StandardService   : Starting service [Tomcat]
2024-04-02 01:59:28.904  INFO 135944 --- [main] org.apache.catalina.core.StandardEngine  : Starting Servlet engine: [Apache Tomcat/9.0.56]
2024-04-02 01:59:28.954  INFO 135944 --- [main] o.a.c.c.C.[Tomcat].[localhost].[/]       : Initializing Spring embedded WebApplicationContext
2024-04-02 01:59:28.954  INFO 135944 --- [main] w.s.c.ServletWebServerApplicationContext : Root WebApplicationContext: initialization completed in 1081 ms
2024-04-02 01:59:29.131  INFO 135944 --- [main] o.hibernate.jpa.internal.util.LogHelper  : HHH000204: Processing PersistenceUnitInfo [name: default]
2024-04-02 01:59:29.162  INFO 135944 --- [main] org.hibernate.Version                    : HHH000412: Hibernate ORM core version 5.6.3.Final
2024-04-02 01:59:29.259  INFO 135944 --- [main] o.hibernate.annotations.common.Version   : HCANN000001: Hibernate Commons Annotations {5.1.2.Final}
2024-04-02 01:59:29.322  INFO 135944 --- [main] com.zaxxer.hikari.HikariDataSource       : HikariPool-1 - Starting...
2024-04-02 01:59:29.550  INFO 135944 --- [main] com.zaxxer.hikari.HikariDataSource       : HikariPool-1 - Start completed.
2024-04-02 01:59:29.569  INFO 135944 --- [main] org.hibernate.dialect.Dialect            : HHH000400: Using dialect: org.hibernate.dialect.PostgreSQL10Dialect
2024-04-02 01:59:30.038  INFO 135944 --- [main] o.h.e.t.j.p.i.JtaPlatformInitiator       : HHH000490: Using JtaPlatform implementation: [org.hibernate.engine.transaction.jta.platform.internal.NoJtaPlatform]
2024-04-02 01:59:30.044  INFO 135944 --- [main] j.LocalContainerEntityManagerFactoryBean : Initialized JPA EntityManagerFactory for persistence unit 'default'
2024-04-02 01:59:30.057  INFO 135944 --- [main] c.v.s.jpa.postgresql.aspect.BookAspect   : Aspect is initialized
2024-04-02 01:59:30.799  WARN 135944 --- [main] JpaBaseConfiguration$JpaWebConfiguration : spring.jpa.open-in-view is enabled by default. Therefore, database queries may be performed during view rendering. Explicitly configure spring.jpa.open-in-view to disable this warning
2024-04-02 01:59:31.629  INFO 135944 --- [main] o.s.b.w.embedded.tomcat.TomcatWebServer  : Tomcat started on port(s): 8080 (http) with context path ''
2024-04-02 01:59:31.639  INFO 135944 --- [main] c.v.s.j.p.BookManagerApplication         : Started BookManagerApplication in 4.044 seconds (JVM running for 4.253)
2024-04-02 01:59:31.749  INFO 135944 --- [http-nio-8080-exec-1] o.a.c.c.C.[Tomcat].[localhost].[/]       : Initializing Spring DispatcherServlet 'dispatcherServlet'
2024-04-02 01:59:31.749  INFO 135944 --- [http-nio-8080-exec-1] o.s.web.servlet.DispatcherServlet        : Initializing Servlet 'dispatcherServlet'
2024-04-02 01:59:31.752  INFO 135944 --- [http-nio-8080-exec-1] o.s.web.servlet.DispatcherServlet        : Completed initialization in 3 ms
2024-04-02 01:59:31.779 ERROR 135944 --- [http-nio-8080-exec-1] c.v.s.j.p.exception.ExceptionManager     : Exception occurred: ErrorMessage(statusCode=500, timestamp=Tue Apr 02 01:59:31 MSK 2024, message=Required request body is missing: public org.springframework.http.ResponseEntity<com.vladislav.spring.jpa.postgresql.dto.AuthorDto> com.vladislav.spring.jpa.postgresql.controller.AuthorController.saveAuthor(com.vladislav.spring.jpa.postgresql.dto.AuthorDto), description=uri=/authors/save)
